Задача №8
N =  3
M =  4
Исходная матрица B
 [[ -7  29  -8  -3]
 [-47 -45  15   2]
 [-38  13  -5  -4]]
Отрицательные элементы в колонках  [3 1 2 2]
Отрицательные элементы в строках  [3 2 3]

Задача №9
N =  30
M =  40
Исходная матрица B
 [[-33 -38  39 ...  38 -28   0]
 [  5 -47  11 ... -42  37 -12]
 [  9 -37   1 ...  42  18 -32]
 ...
 [-36 -44  -7 ...  22 -20  -8]
 [-38 -20 -46 ... -30 -36  28]
 [-13   1  38 ...  44 -26  44]]
L =  25
K =  20
Нулевых элементов выше  25 строки (включительно) и левее  25 колонки (включительно):  0

Задача №10
N =  5
M =  4
K =  2
Исходная матрица B
 [[  4  48  17  -5]
 [ 38   2  36 -47]
 [-22  16  29  27]
 [ 33  27  36 -41]
 [ 32  13  10  22]]
Результат: матрица B после перемножения
 [[    68    816    289  -1445]
 [  1368     72   1296 -60912]
 [  -638    464    841  22707]
 [  1188    972   1296 -53136]
 [   320    130    100   2200]]

Задача №11
N =  5
M =  4
L =  2
Исходная матрица B
 [[-10  10  33  26]
 [-41   5   4  13]
 [ 40  44  32  42]
 [-32 -39 -13  -6]
 [ 32  24  16  -2]]
Результат: матрица B после суммирования
 [[ 30  54  65  68]
 [ -1  49  36  55]
 [ 80  88  64  84]
 [ 48  49  51  78]
 [112 112  80  82]]

Задачи №12, 13, 14
N =  5
M =  4
Исходная матрица B
 [[-32.10112368 -36.75097001  -1.89457791   5.66812704]
 [-22.57392382 -14.71049095  11.98478325 -42.07579845]
 [ 13.99986449  30.1624387  -13.29022292  28.76043198]
 [ 25.15847099 -29.26742481  13.67068547  47.04898162]
 [-35.84301852 -17.36867384 -35.07918475  15.20645085]]
Результат (задача 12): максимум в строке [ 5.66812704 11.98478325 30.1624387  47.04898162 15.20645085]
Результат (задача 12): матрица B после деления на максимальный в строке
 [[-5.66344464 -6.48379434 -0.33425114  1.        ]
 [-1.88354878 -1.2274307   1.         -3.51076841]
 [ 0.46414896  1.         -0.44062163  0.95351812]
 [ 0.53472934 -0.62206288  0.29056283  1.        ]
 [-2.35709298 -1.14219117 -2.30686207  1.        ]]
Результат (задача 13): максимум в столбце [25.15847099 30.1624387  13.67068547 47.04898162]
Результат (задача 13): матрица B после деления на максимальный в столбце
 [[-1.27595686 -1.21843497 -0.1385869   0.1204729 ]
 [-0.89726931 -0.48770894  0.87667757 -0.89429775]
 [ 0.55646722  1.         -0.97216946  0.61128702]
 [ 1.         -0.97032687  1.          1.        ]
 [-1.42468986 -0.57583785 -2.56601506  0.32320468]]
Результат (задача 14): максимум B -  47.0489816246716
Результат (задача 14): матрица B после деления на максимальный
 [[-0.68229157 -0.78112148 -0.0402682   0.1204729 ]
 [-0.47979623 -0.31266332  0.25472992 -0.89429775]
 [ 0.29755935  0.6410859  -0.28247631  0.61128702]
 [ 0.53472934 -0.62206288  0.29056283  1.        ]
 [-0.76182347 -0.36916153 -0.74558861  0.32320468]]

Задача №15
N =  5
M =  4
Исходная матрица B
 [[ -1  10 -13  29]
 [-26  24 -39  42]
 [-29 -31  23  31]
 [-15  26  -8 -48]
 [ 24  22 -17  26]]
H =  15
Число  15 не содержит ни одна строка

Задача №16
N =  5
M =  4
Исходная матрица B
 [[-20 -26 -41  28]
 [-34 -15  46 -50]
 [ 18 -28 -15 -46]
 [-31  43 -11 -25]
 [-48  15   3  -4]]
L =  2
Преобразованная матрица B
 [[-20 -26 -41  28]
 [-34 -15  46 -50]
 [-31  43 -11 -25]
 [-48  15   3  -4]]

Задача №17
N =  5
M =  4
Исходная матрица B
 [[-47 -23  20  -8]
 [ 23  -6 -49  18]
 [  8 -39  12  25]
 [-40  23 -43  16]
 [ 45 -22 -23 -15]]
Строка С для вставки
 [ -5   1  32 -19]
L =  2
Преобразованная матрица B
 [[-47 -23  20  -8]
 [ 23  -6 -49  18]
 [  8 -39  12  25]
 [ -5   1  32 -19]
 [-40  23 -43  16]
 [ 45 -22 -23 -15]]
