Задача №26
Строк N =  6
Колонок M =  10
Строка для разделения L =  2
Колонка для разделения K =  4
Исходная матрица B
 [[ 1  3  1 -1  3 -3 -5  3 -3  0]
 [-5 -1  0  3  1 -2  4 -5 -5  1]
 [ 1 -1  0 -3  4  0  4 -3 -1  1]
 [-3  2 -1 -2  0  2 -5 -1  4  4]
 [-1 -2  0 -2 -3 -5  0  1  2 -4]
 [-1  2 -1  1  1  4  0 -3  0  2]]
Делим по строкам по L на две части
 [array([], shape=(0, 10), dtype=int32), array([[ 1,  3,  1, -1,  3, -3, -5,  3, -3,  0],
       [-5, -1,  0,  3,  1, -2,  4, -5, -5,  1]]), array([[ 1, -1,  0, -3,  4,  0,  4, -3, -1,  1],
       [-3,  2, -1, -2,  0,  2, -5, -1,  4,  4],
       [-1, -2,  0, -2, -3, -5,  0,  1,  2, -4],
       [-1,  2, -1,  1,  1,  4,  0, -3,  0,  2]])]
Делим по столбцам верхнюю часть (I-IV квадранты)
 [array([], shape=(2, 0), dtype=int32), array([[ 1,  3,  1, -1],
       [-5, -1,  0,  3]]), array([[ 3, -3, -5,  3, -3,  0],
       [ 1, -2,  4, -5, -5,  1]])]
Делим по столбцам нижнюю часть (II-III квадранты)
 [array([], shape=(4, 0), dtype=int32), array([[ 1, -1,  0, -3],
       [-3,  2, -1, -2],
       [-1, -2,  0, -2],
       [-1,  2, -1,  1]]), array([[ 4,  0,  4, -3, -1,  1],
       [ 0,  2, -5, -1,  4,  4],
       [-3, -5,  0,  1,  2, -4],
       [ 1,  4,  0, -3,  0,  2]])]
Среднее в I квадранте = 0.125
Среднее во II квадранте = -0.6875
Среднее во III квадранте = 0.16666666666666666
Среднее в IV квадранте = -0.9166666666666666
Задача №27
Строк N = 6
Колонок M = 10
Задано число H = 4
Исходная матрица B
 [[-5 -4 -4 -2 -3 -2  0 -2  3 -4]
 [-5  1 -2  4  4 -4 -5  3  0  4]
 [ 0 -3 -5  1 -2  3  1 -4 -5  4]
 [ 1  2 -1 -4  4 -3 -4 -4  2 -3]
 [-3 -1 -3 -1 -3  3 -3  0 -4 -4]
 [-5  4  1 -2  1  1  0 -1  3 -1]]
Задача №28
Строк N =  6
Колонок M =  10
Строка для разделения L =  2
Колонка для разделения K =  4
Исходная матрица B
 [[-4  1 -4  1 -5 -3 -2 -1  4 -2]
 [-4  2 -3  0 -4  1  0  1  3 -2]
 [ 4 -3 -4 -1 -5  4 -2 -2 -5  2]
 [ 1  0  0 -5  3  0 -3 -5 -3 -5]
 [-4 -2 -1 -1  0 -1 -2  2  0 -3]
 [-5 -2 -2  0  3  0 -1  1 -1  4]]
Задача №29
Строк N =  6
Колонок M =  10
Номер колонки, куда будем вставлять, K =  4
Исходная матрица B
 [[ 3  2  4 -1 -3  3 -5  4  0  3]
 [-2 -5  2 -1  3  1  4 -2  0  1]
 [-5 -3 -1 -5  1 -4 -1  4  3  3]
 [ 0  3 -5  2  3 -3 -3 -3  0  3]
 [ 2  2  1  2  2 -1 -3  2  3 -5]
 [ 4 -3  4  2 -3 -3 -3 -5  4  0]]
Будем вставлять А
 [-11  -2  12 -18   4 -49]
Результат: матрица C
 [[  3   2   4  -1 -11  -3   3  -5   4   0   3]
 [ -2  -5   2  -1  -2   3   1   4  -2   0   1]
 [ -5  -3  -1  -5  12   1  -4  -1   4   3   3]
 [  0   3  -5   2 -18   3  -3  -3  -3   0   3]
 [  2   2   1   2   4   2  -1  -3   2   3  -5]
 [  4  -3   4   2 -49  -3  -3  -3  -5   4   0]]
Задача №30
Строк N =  6
Колонок M =  10
Исходная матрица B
 [[-41  -5  19  13 -35  10  46 -13 -43  43]
 [ -4 -38  40 -28   1 -23 -19  41 -17  19]
 [-17  -8 -20  42  46 -28 -43  -4 -10  36]
 [-10 -33 -34   7 -40  -1  33  40  37 -12]
 [-32  12  34 -31  18 -15  40  39  17 -29]
 [ 43  45 -36   7  22  40 -28  29 -42  38]]
Сумма положительных элементов в колонках: [ 43  57  93  69  87  50 119 149  54 136]
Сумма абсолютных значений отрицательных элементов в колонках: [104  84  90  59  75  67  90  17 112  41]
Надо добавить строку: [  61   27   -3  -10  -12   17  -29 -132   58  -95]
Результат новая матрица C
 [[ -41   -5   19   13  -35   10   46  -13  -43   43]
 [  -4  -38   40  -28    1  -23  -19   41  -17   19]
 [ -17   -8  -20   42   46  -28  -43   -4  -10   36]
 [ -10  -33  -34    7  -40   -1   33   40   37  -12]
 [ -32   12   34  -31   18  -15   40   39   17  -29]
 [  43   45  -36    7   22   40  -28   29  -42   38]
 [  61   27   -3  -10  -12   17  -29 -132   58  -95]]
Задача №31
Строк N =  6
Колонок M =  10
Исходная матрица B
 [[ 46  31 -45 -14 -39 -35  33  14 -48  33]
 [ -1  27  45  28 -25   2 -48 -22 -31 -10]
 [ -2 -11 -30 -43 -41  46 -41  49  24  19]
 [-24  33  -7 -35  11  32 -47 -12  29  20]
 [-20 -19   2   9 -14  31 -22  45  31 -30]
 [-20 -13 -22  24 -34  41  15   1 -31  25]]
Сумма положительных элементов в строках: [157 102 138 125 118 106]
Сумма абсолютных значений отрицательных элементов в строках: [181 137 168 125 105 120]
Надо добавить колонку: [ 24  35  30   0 -13  14]
Результат новая матрица C
 [[ 46  31 -45 -14 -39 -35  33  14 -48  33  24]
 [ -1  27  45  28 -25   2 -48 -22 -31 -10  35]
 [ -2 -11 -30 -43 -41  46 -41  49  24  19  30]
 [-24  33  -7 -35  11  32 -47 -12  29  20   0]
 [-20 -19   2   9 -14  31 -22  45  31 -30 -13]
 [-20 -13 -22  24 -34  41  15   1 -31  25  14]]
