C:\Users\user\PycharmProjects\Boring-numpy\venv\Scripts\python.exe "C:\Program Files\JetBrains\PyCharm 2018.3.5\plugins\python\helpers\pydev\pydevconsole.py" --mode=client --port=52129
import sys; print('Python %s on %s' % (sys.version, sys.platform))
sys.path.extend(['C:\\Users\\user\\PycharmProjects\\Boring-numpy', 'C:/Users/user/PycharmProjects/Boring-numpy'])
PyDev console: starting.
Python 3.6.5 (v3.6.5:f59c0932b4, Mar 28 2018, 16:07:46) [MSC v.1900 32 bit (Intel)] on win32
runfile('C:/Users/user/PycharmProjects/Boring-numpy/practicum-3(1-7).py', wdir='C:/Users/user/PycharmProjects/Boring-numpy')
Задачи №1,3
N =  3
M =  4
B [ 3 x 4 ] =
 [[ 15  35   7  37]
 [-45 -43 -11  28]
 [ 31 -46  19   4]]
Суммы абсолютых значений в столбцах [ 91 124  37  69]
Столбец с максимальной суммой =  1
Наибольший элемент из столбца с максимальной суммой =  35
Наименьший элемент из столбца с максимальной суммой =  -46
Задачи №2,4
N =  5
M =  4
B [ 5 x 4 ] =
 [[ 23 -27 -10  -3]
 [ 20  17 -18  -7]
 [-10 -14  24 -41]
 [ 40  49   9 -24]
 [ 25 -29 -37 -14]]
Средние значения в строках [ -4.25   3.   -10.25  18.5  -13.75]
Максимум средних =  18.5
Минимум средних =  -13.75
Задача №5
N =  5
M =  4
B [ 5 x 4 ] =
 [[-23 -11  32 -50]
 [-32  29 -48  11]
 [  4   0  39  36]
 [ 46 -38 -49 -29]
 [-17   2  -3  17]]
Средние значения в столбцах [-4.4 -3.6 -5.8 -3. ]
Средние значения в строках [-13.   -10.    19.75 -17.5   -0.25]
Задача №6
N =  5
M =  4
B [ 5 x 4 ] =
 [[ 3 45 95 86]
 [77 48 39 39]
 [85 30 93 86]
 [21 85 48 20]
 [85 12 57  8]]
Сумма всех элементов =  1062
Суммы в столбцах [271 220 332 239]
Доля столбца в общей сумме [25.51789077 20.71563089 31.26177024 22.5047081 ]
Задача №7
N =  5
M =  4
B [ 5 x 4 ] =
 [[ 2 46 69 85]
 [86 93 30 62]
 [23 22 31  3]
 [28 15 47 61]
 [28 97 34 57]]
Сумма всех элементов =  919
Суммы в строках [202 271  79 151 216]
Доля строки в общей сумме [21.98041349 29.48857454  8.59630033 16.43090316 23.50380849]
