Задача №18
N =  5
Исходная матрица B
 [[ 19  31 -30  33 -40]
 [ 38   4  24  -9 -26]
 [ 46 -35 -44  -5 -31]
 [-14 -11  35 -33  -6]
 [-18 -13  25 -26  36]]
Сумма элементов главной диагонали  -18
Повернули матрицу B на 90
 [[-18 -14  46  38  19]
 [-13 -11 -35   4  31]
 [ 25  35 -44  24 -30]
 [-26 -33  -5  -9  33]
 [ 36  -6 -31 -26 -40]]
Сумма элементов побочной диагонали  -122
Задача №19
N =  4
Исходная матрица B
 [[-11  14   1 -39]
 [ -7 -43 -25 -16]
 [ 44   5 -33  37]
 [-46  41  47 -26]]
Сумма элементов диагонали выше главной 26
Сумма элементов диагонали ниже главной 45
Задача №20
N =  4
Исходная матрица B
 [[-23  41  15  32]
 [ 17  36  43   3]
 [-17  39  31 -14]
 [ -7 -13 -25 -41]]
Развернем матрицу B на 90 градусов влево B
 [[ 32   3 -14 -41]
 [ 15  43  31 -25]
 [ 41  36  39 -13]
 [-23  17 -17  -7]]
Произведение элементов выше поюочной диагонали B -9180
Произведение элементов ниже поюочной диагонали B -1209
Задача №21
N =  4
Исходная матрица B
 [[ 40  49 -22 -43]
 [  4 -28 -15   9]
 [ 39  14  23 -21]
 [-22  10  -8 -46]]
Полусумма симмитричных относительно гл. диагонали элементов матрицы B
 [ 26.5  -0.5 -14.5]
Новая матрица B
 [[ 40.   26.5 -22.  -43. ]
 [ 26.5 -28.   -0.5   9. ]
 [ 39.   -0.5  23.  -14.5]
 [-22.   10.  -14.5 -46. ]]
Задача №22
N =  5
M =  4
B [ 5 x 4 ] =
 [[0 0 0 1]
 [0 0 0 1]
 [0 1 0 1]
 [1 1 1 0]
 [0 1 0 0]]
Сумма в строках [1 1 2 3 1]
Столбец для добавления [1 1 0 1 1]
Новая матрица B, где кол-во 1 в строке четно
 [[0 0 0 1 1]
 [0 0 0 1 1]
 [0 1 0 1 0]
 [1 1 1 0 1]
 [0 1 0 0 1]]
Задача №23
N =  5
Исходная матрица B
 [[ 4 -2 -2  4  1]
 [ 0 -2  0  2  3]
 [ 1 -2  2  3 -4]
 [-5 -2  3  1 -5]
 [-3  1 -3  4  0]]
Сумма всех элементов выше главной диагонали = 5
Крутим массив на 90 против часовой стрелки и делаем
побочную диагональ гланой. Умножаем элементы ниже главной.
 [[ 1  3 -4 -5  0]
 [ 4  2  3  1  4]
 [-2  0  2  3 -3]
 [-2 -2 -2 -2  1]
 [ 4  0  1 -5 -3]]
Произведение всех элементов выше побочной диагонали = 0
Задача №24
Строк N =  6
Колонок M =  10
Строка для разделения L =  2
Колонка для разделения K =  4
Исходная матрица B
 [[ -7  33  13  31  13 -12]
 [-44  20  -7 -48  27  26]
 [ 12  49 -16  41 -30 -35]
 [-28  39 -33   2 -40  17]
 [-36  13 -22 -11   2  40]
 [ 12 -12 -25   6 -17  45]]
Делим по строкам по L на две части
 [array([], shape=(0, 6), dtype=int32), array([[ -7,  33,  13,  31,  13, -12],
       [-44,  20,  -7, -48,  27,  26]]), array([[ 12,  49, -16,  41, -30, -35],
       [-28,  39, -33,   2, -40,  17],
       [-36,  13, -22, -11,   2,  40],
       [ 12, -12, -25,   6, -17,  45]])]
Делим по столбцам верхнюю часть (I-IV квадранты)
 [array([], shape=(2, 0), dtype=int32), array([[ -7,  33,  13,  31],
       [-44,  20,  -7, -48]]), array([[ 13, -12],
       [ 27,  26]])]
Делим по столбцам нижнюю часть (II-III квадранты)
 [array([], shape=(4, 0), dtype=int32), array([[ 12,  49, -16,  41],
       [-28,  39, -33,   2],
       [-36,  13, -22, -11],
       [ 12, -12, -25,   6]]), array([[-30, -35],
       [-40,  17],
       [  2,  40],
       [-17,  45]])]
Сумма в I квадранте = -9
Сумма во II квадранте = -9
Сумма во III квадранте = -18
Сумма в IV квадранте = 54
Задача №25
N =  5
M =  4
B [ 5 x 4 ] =
 [[1 0 1 1]
 [0 1 0 1]
 [0 1 0 1]
 [1 0 1 0]
 [0 0 0 0]]
Сумма в строках [3 2 2 2 0]
Столбец для добавления (кол-во 0 в строках) [1 2 2 2 4]
Сумма в столбцах [2 2 2 3]
Строка для добавления (кол-во 0 в столбцах) [1 2 2 2 4]
ОТВЕТ
Матрица B с добавленными строками и колонками
 [[1 0 1 1 1]
 [0 1 0 1 2]
 [0 1 0 1 2]
 [1 0 1 0 2]
 [0 0 0 0 4]
 [3 3 3 2 0]]
